        -:    0:Source:dominion.c
        -:    0:Graph:dominion.gcno
        -:    0:Data:dominion.gcda
        -:    0:Runs:9
        -:    0:Programs:9
        -:    1:#include "dominion.h"
        -:    2:#include "dominion_helpers.h"
        -:    3:#include "rngs.h"
        -:    4:#include <stdio.h>
        -:    5:#include <math.h>
        -:    6:#include <stdlib.h>
        -:    7:
      510:    8:int compare(const void* a, const void* b) {
      510:    9:  if (*(int*)a > *(int*)b)
    #####:   10:    return 1;
      510:   11:  if (*(int*)a < *(int*)b)
      136:   12:    return -1;
      374:   13:  return 0;
        -:   14:}
        -:   15:
    #####:   16:struct gameState* newGame() {
    #####:   17:  struct gameState* g = malloc(sizeof(struct gameState));
    #####:   18:  return g;
        -:   19:}
        -:   20:
    #####:   21:int* kingdomCards(int k1, int k2, int k3, int k4, int k5, int k6, int k7,
        -:   22:		  int k8, int k9, int k10) {
    #####:   23:  int* k = malloc(10 * sizeof(int));
    #####:   24:  k[0] = k1;
    #####:   25:  k[1] = k2;
    #####:   26:  k[2] = k3;
    #####:   27:  k[3] = k4;
    #####:   28:  k[4] = k5;
    #####:   29:  k[5] = k6;
    #####:   30:  k[6] = k7;
    #####:   31:  k[7] = k8;
    #####:   32:  k[8] = k9;
    #####:   33:  k[9] = k10;
    #####:   34:  return k;
        -:   35:}
        -:   36:
       15:   37:int initializeGame(int numPlayers, int kingdomCards[10], int randomSeed,
        -:   38:		   struct gameState *state) {
        -:   39:
        -:   40:  int i;
        -:   41:  int j;
        -:   42:  int it;			
        -:   43:  //set up random number generator
       15:   44:  SelectStream(1);
       15:   45:  PutSeed((long)randomSeed);
        -:   46:  
        -:   47:  //check number of players
       15:   48:  if (numPlayers > MAX_PLAYERS || numPlayers < 2)
        -:   49:    {
    #####:   50:      return -1;
        -:   51:    }
        -:   52:
        -:   53:  //set number of players
       15:   54:  state->numPlayers = numPlayers;
        -:   55:
        -:   56:  //check selected kingdom cards are different
      165:   57:  for (i = 0; i < 10; i++)
        -:   58:    {
     1650:   59:      for (j = 0; j < 10; j++)
        -:   60:        {
     1500:   61:	  if (j != i && kingdomCards[j] == kingdomCards[i])
        -:   62:	    {
    #####:   63:	      return -1;
        -:   64:	    }
        -:   65:        }
        -:   66:    }
        -:   67:
        -:   68:
        -:   69:  //initialize supply
        -:   70:  ///////////////////////////////
        -:   71:
        -:   72:  //set number of Curse cards
       15:   73:  if (numPlayers == 2)
        -:   74:    {
       13:   75:      state->supplyCount[curse] = 10;
        -:   76:    }
        2:   77:  else if (numPlayers == 3)
        -:   78:    {
    #####:   79:      state->supplyCount[curse] = 20;
        -:   80:    }
        -:   81:  else
        -:   82:    {
        2:   83:      state->supplyCount[curse] = 30;
        -:   84:    }
        -:   85:
        -:   86:  //set number of Victory cards
       15:   87:  if (numPlayers == 2)
        -:   88:    {
       13:   89:      state->supplyCount[estate] = 8;
       13:   90:      state->supplyCount[duchy] = 8;
       13:   91:      state->supplyCount[province] = 8;
        -:   92:    }
        -:   93:  else
        -:   94:    {
        2:   95:      state->supplyCount[estate] = 12;
        2:   96:      state->supplyCount[duchy] = 12;
        2:   97:      state->supplyCount[province] = 12;
        -:   98:    }
        -:   99:
        -:  100:  //set number of Treasure cards
       15:  101:  state->supplyCount[copper] = 60 - (7 * numPlayers);
       15:  102:  state->supplyCount[silver] = 40;
       15:  103:  state->supplyCount[gold] = 30;
        -:  104:
        -:  105:  //set number of Kingdom cards
      315:  106:  for (i = adventurer; i <= treasure_map; i++)       	//loop all cards
        -:  107:    {
     2475:  108:      for (j = 0; j < 10; j++)           		//loop chosen cards
        -:  109:	{
     2325:  110:	  if (kingdomCards[j] == i)
        -:  111:	    {
        -:  112:	      //check if card is a 'Victory' Kingdom card
      150:  113:	      if (kingdomCards[j] == great_hall || kingdomCards[j] == gardens)
        -:  114:		{
       60:  115:		  if (numPlayers == 2){ 
       26:  116:		    state->supplyCount[i] = 8; 
        -:  117:		  }
        4:  118:		  else{ state->supplyCount[i] = 12; }
        -:  119:		}
        -:  120:	      else
        -:  121:		{
      120:  122:		  state->supplyCount[i] = 10;
        -:  123:		}
      150:  124:	      break;
        -:  125:	    }
        -:  126:	  else    //card is not in the set choosen for the game
        -:  127:	    {
     2175:  128:	      state->supplyCount[i] = -1;
        -:  129:	    }
        -:  130:	}
        -:  131:
        -:  132:    }
        -:  133:
        -:  134:  ////////////////////////
        -:  135:  //supply intilization complete
        -:  136:
        -:  137:  //set player decks
       49:  138:  for (i = 0; i < numPlayers; i++)
        -:  139:    {
       34:  140:      state->deckCount[i] = 0;
      136:  141:      for (j = 0; j < 3; j++)
        -:  142:	{
      102:  143:	  state->deck[i][j] = estate;
      102:  144:	  state->deckCount[i]++;
        -:  145:	}
      272:  146:      for (j = 3; j < 10; j++)
        -:  147:	{
      238:  148:	  state->deck[i][j] = copper;
      238:  149:	  state->deckCount[i]++;		
        -:  150:	}
        -:  151:    }
        -:  152:
        -:  153:  //shuffle player decks
       49:  154:  for (i = 0; i < numPlayers; i++)
        -:  155:    {
       34:  156:      if ( shuffle(i, state) < 0 )
        -:  157:	{
    #####:  158:	  return -1;
        -:  159:	}
        -:  160:    }
        -:  161:
        -:  162:  //draw player hands
       49:  163:  for (i = 0; i < numPlayers; i++)
        -:  164:    {  
        -:  165:      //initialize hand size to zero
       34:  166:      state->handCount[i] = 0;
       34:  167:      state->discardCount[i] = 0;
        -:  168:      //draw 5 cards
        -:  169:      // for (j = 0; j < 5; j++)
        -:  170:      //	{
        -:  171:      //	  drawCard(i, state);
        -:  172:      //	}
        -:  173:    }
        -:  174:  
        -:  175:  //set embargo tokens to 0 for all supply piles
      420:  176:  for (i = 0; i <= treasure_map; i++)
        -:  177:    {
      405:  178:      state->embargoTokens[i] = 0;
        -:  179:    }
        -:  180:
        -:  181:  //initialize first player's turn
       15:  182:  state->outpostPlayed = 0;
       15:  183:  state->phase = 0;
       15:  184:  state->numActions = 1;
       15:  185:  state->numBuys = 1;
       15:  186:  state->playedCardCount = 0;
       15:  187:  state->whoseTurn = 0;
       15:  188:  state->handCount[state->whoseTurn] = 0;
        -:  189:  //int it; move to top
        -:  190:
        -:  191:  //Moved draw cards to here, only drawing at the start of a turn
       90:  192:  for (it = 0; it < 5; it++){
       75:  193:    drawCard(state->whoseTurn, state);
        -:  194:  }
        -:  195:
       15:  196:  updateCoins(state->whoseTurn, state, 0);
        -:  197:
       15:  198:  return 0;
        -:  199:}
        -:  200:
       34:  201:int shuffle(int player, struct gameState *state) {
        -:  202: 
        -:  203:
        -:  204:  int newDeck[MAX_DECK];
       34:  205:  int newDeckPos = 0;
        -:  206:  int card;
        -:  207:  int i;
        -:  208:
       34:  209:  if (state->deckCount[player] < 1)
    #####:  210:    return -1;
       34:  211:  qsort ((void*)(state->deck[player]), state->deckCount[player], sizeof(int), compare); 
        -:  212:  /* SORT CARDS IN DECK TO ENSURE DETERMINISM! */
        -:  213:
      408:  214:  while (state->deckCount[player] > 0) {
      340:  215:    card = floor(Random() * state->deckCount[player]);
      340:  216:    newDeck[newDeckPos] = state->deck[player][card];
      340:  217:    newDeckPos++;
     1265:  218:    for (i = card; i < state->deckCount[player]-1; i++) {
      925:  219:      state->deck[player][i] = state->deck[player][i+1];
        -:  220:    }
      340:  221:    state->deckCount[player]--;
        -:  222:  }
      374:  223:  for (i = 0; i < newDeckPos; i++) {
      340:  224:    state->deck[player][i] = newDeck[i];
      340:  225:    state->deckCount[player]++;
        -:  226:  }
        -:  227:
       34:  228:  return 0;
        -:  229:}
        -:  230:
    #####:  231:int playCard(int handPos, int choice1, int choice2, int choice3, struct gameState *state) 
        -:  232:{	
        -:  233:  int card;
    #####:  234:  int coin_bonus = 0; 		//tracks coins gain from actions
        -:  235:
        -:  236:  //check if it is the right phase
    #####:  237:  if (state->phase != 0)
        -:  238:    {
    #####:  239:      return -1;
        -:  240:    }
        -:  241:	
        -:  242:  //check if player has enough actions
    #####:  243:  if ( state->numActions < 1 )
        -:  244:    {
    #####:  245:      return -1;
        -:  246:    }
        -:  247:	
        -:  248:  //get card played
    #####:  249:  card = handCard(handPos, state);
        -:  250:	
        -:  251:  //check if selected card is an action
    #####:  252:  if ( card < adventurer || card > treasure_map )
        -:  253:    {
    #####:  254:      return -1;
        -:  255:    }
        -:  256:	
        -:  257:  //play card
    #####:  258:  if ( cardEffect(card, choice1, choice2, choice3, state, handPos, &coin_bonus) < 0 )
        -:  259:    {
    #####:  260:      return -1;
        -:  261:    }
        -:  262:	
        -:  263:  //reduce number of actions
    #####:  264:  state->numActions--;
        -:  265:
        -:  266:  //update coins (Treasure cards may be added with card draws)
    #####:  267:  updateCoins(state->whoseTurn, state, coin_bonus);
        -:  268:	
    #####:  269:  return 0;
        -:  270:}
        -:  271:
        5:  272:int buyCard(int supplyPos, struct gameState *state) {
        -:  273:  int who;
        -:  274:  if (DEBUG){
        -:  275:    printf("Entering buyCard...\n");
        -:  276:  }
        -:  277:
        -:  278:  // I don't know what to do about the phase thing.
        -:  279:
        5:  280:  who = state->whoseTurn;
        -:  281:
        5:  282:  if (state->numBuys < 1){
        -:  283:    if (DEBUG)
        -:  284:      printf("You do not have any buys left\n");
        1:  285:    return -1;
        4:  286:  } else if (supplyCount(supplyPos, state) <1){
        -:  287:    if (DEBUG)
        -:  288:      printf("There are not any of that type of card left\n");
        2:  289:    return -1;
        2:  290:  } else if (state->coins < getCost(supplyPos)){
        -:  291:    if (DEBUG) 
        -:  292:      printf("You do not have enough money to buy that. You have %d coins.\n", state->coins);
        1:  293:    return -1;
        -:  294:  } else {
        1:  295:    state->phase=1;
        -:  296:    //state->supplyCount[supplyPos]--;
        1:  297:    gainCard(supplyPos, state, 0, who); //card goes in discard, this might be wrong.. (2 means goes into hand, 0 goes into discard)
        -:  298:  
        1:  299:    state->coins = (state->coins) - (getCost(supplyPos));
        1:  300:    state->numBuys--;
        -:  301:    if (DEBUG)
        -:  302:      printf("You bought card number %d for %d coins. You now have %d buys and %d coins.\n", supplyPos, getCost(supplyPos), state->numBuys, state->coins);
        -:  303:  }
        -:  304:
        -:  305:  //state->discard[who][state->discardCount[who]] = supplyPos;
        -:  306:  //state->discardCount[who]++;
        -:  307:    
        1:  308:  return 0;
        -:  309:}
        -:  310:
    #####:  311:int numHandCards(struct gameState *state) {
    #####:  312:  return state->handCount[ whoseTurn(state) ];
        -:  313:}
        -:  314:
    #####:  315:int handCard(int handPos, struct gameState *state) {
    #####:  316:  int currentPlayer = whoseTurn(state);
    #####:  317:  return state->hand[currentPlayer][handPos];
        -:  318:}
        -:  319:
        5:  320:int supplyCount(int card, struct gameState *state) {
        5:  321:  return state->supplyCount[card];
        -:  322:}
        -:  323:
    #####:  324:int fullDeckCount(int player, int card, struct gameState *state) {
        -:  325:  int i;
    #####:  326:  int count = 0;
        -:  327:
    #####:  328:  for (i = 0; i < state->deckCount[player]; i++)
        -:  329:    {
    #####:  330:      if (state->deck[player][i] == card) count++;
        -:  331:    }
        -:  332:
    #####:  333:  for (i = 0; i < state->handCount[player]; i++)
        -:  334:    {
    #####:  335:      if (state->hand[player][i] == card) count++;
        -:  336:    }
        -:  337:
    #####:  338:  for (i = 0; i < state->discardCount[player]; i++)
        -:  339:    {
    #####:  340:      if (state->discard[player][i] == card) count++;
        -:  341:    }
        -:  342:
    #####:  343:  return count;
        -:  344:}
        -:  345:
       16:  346:int whoseTurn(struct gameState *state) {
       16:  347:  return state->whoseTurn;
        -:  348:}
        -:  349:
        3:  350:int endTurn(struct gameState *state) {
        -:  351:  int k;
        -:  352:  int i;
        3:  353:  int currentPlayer = whoseTurn(state);
        -:  354:  
        -:  355:  //Discard hand
       18:  356:  for (i = 0; i < state->handCount[currentPlayer]; i++){
       15:  357:    state->discard[currentPlayer][state->discardCount[currentPlayer]++] = state->hand[currentPlayer][i];//Discard
       15:  358:    state->hand[currentPlayer][i] = -1;//Set card to -1
        -:  359:  }
        3:  360:  state->handCount[currentPlayer] = 0;//Reset hand count
        -:  361:    
        -:  362:  //Code for determining the player
        3:  363:  if (currentPlayer < (state->numPlayers - 1)){ 
        2:  364:    state->whoseTurn = currentPlayer + 1;//Still safe to increment
        -:  365:  }
        -:  366:  else{
        1:  367:    state->whoseTurn = 0;//Max player has been reached, loop back around to player 1
        -:  368:  }
        -:  369:
        3:  370:  state->outpostPlayed = 0;
        3:  371:  state->phase = 0;
        3:  372:  state->numActions = 1;
        3:  373:  state->coins = 0;
        3:  374:  state->numBuys = 1;
        3:  375:  state->playedCardCount = 0;
        3:  376:  state->handCount[state->whoseTurn] = 0;
        -:  377:
        -:  378:  //int k; move to top
        -:  379:  //Next player draws hand
       18:  380:  for (k = 0; k < 5; k++){
       15:  381:    drawCard(state->whoseTurn, state);//Draw a card
        -:  382:  }
        -:  383:
        -:  384:  //Update money
        3:  385:  updateCoins(state->whoseTurn, state , 0);
        -:  386:
        3:  387:  return 0;
        -:  388:}
        -:  389:
       29:  390:int isGameOver(struct gameState *state) {
        -:  391:  int i;
        -:  392:  int j;
        -:  393:	
        -:  394:  //if stack of Province cards is empty, the game ends
       29:  395:  if (state->supplyCount[province] == 0)
        -:  396:    {
        6:  397:      return 1;
        -:  398:    }
        -:  399:
        -:  400:  //if three supply pile are at 0, the game ends
       23:  401:  j = 0;
      598:  402:  for (i = 0; i < 25; i++)
        -:  403:    {
      575:  404:      if (state->supplyCount[i] == 0)
        -:  405:	{
       33:  406:	  j++;
        -:  407:	}
        -:  408:    }
       23:  409:  if ( j >= 3)
        -:  410:    {
        5:  411:      return 1;
        -:  412:    }
        -:  413:
       18:  414:  return 0;
        -:  415:}
        -:  416:
    #####:  417:int scoreFor (int player, struct gameState *state) {
        -:  418:
        -:  419:  int i;
    #####:  420:  int score = 0;
        -:  421:  //score from hand
    #####:  422:  for (i = 0; i < state->handCount[player]; i++)
        -:  423:    {
    #####:  424:      if (state->hand[player][i] == curse) { score = score - 1; };
    #####:  425:      if (state->hand[player][i] == estate) { score = score + 1; };
    #####:  426:      if (state->hand[player][i] == duchy) { score = score + 3; };
    #####:  427:      if (state->hand[player][i] == province) { score = score + 6; };
    #####:  428:      if (state->hand[player][i] == great_hall) { score = score + 1; };
    #####:  429:      if (state->hand[player][i] == gardens) { score = score + ( fullDeckCount(player, 0, state) / 10 ); };
        -:  430:    }
        -:  431:
        -:  432:  //score from discard
    #####:  433:  for (i = 0; i < state->discardCount[player]; i++)
        -:  434:    {
    #####:  435:      if (state->discard[player][i] == curse) { score = score - 1; };
    #####:  436:      if (state->discard[player][i] == estate) { score = score + 1; };
    #####:  437:      if (state->discard[player][i] == duchy) { score = score + 3; };
    #####:  438:      if (state->discard[player][i] == province) { score = score + 6; };
    #####:  439:      if (state->discard[player][i] == great_hall) { score = score + 1; };
    #####:  440:      if (state->discard[player][i] == gardens) { score = score + ( fullDeckCount(player, 0, state) / 10 ); };
        -:  441:    }
        -:  442:
        -:  443:  //score from deck
    #####:  444:  for (i = 0; i < state->discardCount[player]; i++)
        -:  445:    {
    #####:  446:      if (state->deck[player][i] == curse) { score = score - 1; };
    #####:  447:      if (state->deck[player][i] == estate) { score = score + 1; };
    #####:  448:      if (state->deck[player][i] == duchy) { score = score + 3; };
    #####:  449:      if (state->deck[player][i] == province) { score = score + 6; };
    #####:  450:      if (state->deck[player][i] == great_hall) { score = score + 1; };
    #####:  451:      if (state->deck[player][i] == gardens) { score = score + ( fullDeckCount(player, 0, state) / 10 ); };
        -:  452:    }
        -:  453:
    #####:  454:  return score;
        -:  455:}
        -:  456:
    #####:  457:int getWinners(int players[MAX_PLAYERS], struct gameState *state) {
        -:  458:  int i;	
        -:  459:  int j;
        -:  460:  int highScore;
        -:  461:  int currentPlayer;
        -:  462:
        -:  463:  //get score for each player
    #####:  464:  for (i = 0; i < MAX_PLAYERS; i++)
        -:  465:    {
        -:  466:      //set unused player scores to -9999
    #####:  467:      if (i >= state->numPlayers)
        -:  468:	{
    #####:  469:	  players[i] = -9999;
        -:  470:	}
        -:  471:      else
        -:  472:	{
    #####:  473:	  players[i] = scoreFor (i, state);
        -:  474:	}
        -:  475:    }
        -:  476:
        -:  477:  //find highest score
    #####:  478:  j = 0;
    #####:  479:  for (i = 0; i < MAX_PLAYERS; i++)
        -:  480:    {
    #####:  481:      if (players[i] > players[j])
        -:  482:	{
    #####:  483:	  j = i;
        -:  484:	}
        -:  485:    }
    #####:  486:  highScore = players[j];
        -:  487:
        -:  488:  //add 1 to players who had less turns
    #####:  489:  currentPlayer = whoseTurn(state);
    #####:  490:  for (i = 0; i < MAX_PLAYERS; i++)
        -:  491:    {
    #####:  492:      if ( players[i] == highScore && i > currentPlayer )
        -:  493:	{
    #####:  494:	  players[i]++;
        -:  495:	}
        -:  496:    }
        -:  497:
        -:  498:  //find new highest score
    #####:  499:  j = 0;
    #####:  500:  for (i = 0; i < MAX_PLAYERS; i++)
        -:  501:    {
    #####:  502:      if ( players[i] > players[j] )
        -:  503:	{
    #####:  504:	  j = i;
        -:  505:	}
        -:  506:    }
    #####:  507:  highScore = players[j];
        -:  508:
        -:  509:  //set winners in array to 1 and rest to 0
    #####:  510:  for (i = 0; i < MAX_PLAYERS; i++)
        -:  511:    {
    #####:  512:      if ( players[i] == highScore )
        -:  513:	{
    #####:  514:	  players[i] = 1;
        -:  515:	}
        -:  516:      else
        -:  517:	{
    #####:  518:	  players[i] = 0;
        -:  519:	}
        -:  520:    }
        -:  521:
    #####:  522:  return 0;
        -:  523:}
        -:  524:
       97:  525:int drawCard(int player, struct gameState *state)
        -:  526:{	int count;
        -:  527:  int deckCounter;
       97:  528:  if (state->deckCount[player] <= 0){//Deck is empty
        -:  529:    
        -:  530:    //Step 1 Shuffle the discard pile back into a deck
        -:  531:    int i;
        -:  532:    //Move discard to deck
    #####:  533:    for (i = 0; i < state->discardCount[player];i++){
    #####:  534:      state->deck[player][i] = state->discard[player][i];
    #####:  535:      state->discard[player][i] = -1;
        -:  536:    }
        -:  537:
    #####:  538:    state->deckCount[player] = state->discardCount[player];
    #####:  539:    state->discardCount[player] = 0;//Reset discard
        -:  540:
        -:  541:    //Shufffle the deck
    #####:  542:    shuffle(player, state);//Shuffle the deck up and make it so that we can draw
        -:  543:   
        -:  544:    if (DEBUG){//Debug statements
        -:  545:      printf("Deck count now: %d\n", state->deckCount[player]);
        -:  546:    }
        -:  547:    
    #####:  548:    state->discardCount[player] = 0;
        -:  549:
        -:  550:    //Step 2 Draw Card
    #####:  551:    count = state->handCount[player];//Get current player's hand count
        -:  552:    
        -:  553:    if (DEBUG){//Debug statements
        -:  554:      printf("Current hand count: %d\n", count);
        -:  555:    }
        -:  556:    
    #####:  557:    deckCounter = state->deckCount[player];//Create a holder for the deck count
        -:  558:
    #####:  559:    if (deckCounter == 0)
    #####:  560:      return -1;
        -:  561:
    #####:  562:    state->hand[player][count] = state->deck[player][deckCounter - 1];//Add card to hand
    #####:  563:    state->deckCount[player]--;
    #####:  564:    state->handCount[player]++;//Increment hand count
        -:  565:  }
        -:  566:
        -:  567:  else{
       97:  568:    int count = state->handCount[player];//Get current hand count for player
        -:  569:    int deckCounter;
        -:  570:    if (DEBUG){//Debug statements
        -:  571:      printf("Current hand count: %d\n", count);
        -:  572:    }
        -:  573:
       97:  574:    deckCounter = state->deckCount[player];//Create holder for the deck count
       97:  575:    state->hand[player][count] = state->deck[player][deckCounter - 1];//Add card to the hand
       97:  576:    state->deckCount[player]--;
       97:  577:    state->handCount[player]++;//Increment hand count
        -:  578:  }
        -:  579:
       97:  580:  return 0;
        -:  581:}
        -:  582:
        5:  583:int getCost(int cardNumber)
        -:  584:{
        5:  585:  switch( cardNumber ) 
        -:  586:    {
        -:  587:    case curse:
    #####:  588:      return 0;
        -:  589:    case estate:
    #####:  590:      return 2;
        -:  591:    case duchy:
    #####:  592:      return 5;
        -:  593:    case province:
    #####:  594:      return 8;
        -:  595:    case copper:
    #####:  596:      return 0;
        -:  597:    case silver:
    #####:  598:      return 3;
        -:  599:    case gold:
    #####:  600:      return 6;
        -:  601:    case adventurer:
    #####:  602:      return 6;
        -:  603:    case council_room:
        5:  604:      return 5;
        -:  605:    case feast:
    #####:  606:      return 4;
        -:  607:    case gardens:
    #####:  608:      return 4;
        -:  609:    case mine:
    #####:  610:      return 5;
        -:  611:    case remodel:
    #####:  612:      return 4;
        -:  613:    case smithy:
    #####:  614:      return 4;
        -:  615:    case village:
    #####:  616:      return 3;
        -:  617:    case baron:
    #####:  618:      return 4;
        -:  619:    case great_hall:
    #####:  620:      return 3;
        -:  621:    case minion:
    #####:  622:      return 5;
        -:  623:    case steward:
    #####:  624:      return 3;
        -:  625:    case tribute:
    #####:  626:      return 5;
        -:  627:    case ambassador:
    #####:  628:      return 3;
        -:  629:    case cutpurse:
    #####:  630:      return 4;
        -:  631:    case embargo: 
    #####:  632:      return 2;
        -:  633:    case outpost:
    #####:  634:      return 5;
        -:  635:    case salvager:
    #####:  636:      return 4;
        -:  637:    case sea_hag:
    #####:  638:      return 4;
        -:  639:    case treasure_map:
    #####:  640:      return 4;
        -:  641:    }
        -:  642:	
    #####:  643:  return -1;
        -:  644:}
        -:  645:
        2:  646:void playAdventurer(int drawntreasure, struct gameState *state, int currentPlayer, int cardDrawn, int temphand[MAX_HAND], int z ){
        2:  647:	printf("inside playAdventurer \n");
        8:  648:	while(drawntreasure<2){
        4:  649:	if (state->deckCount[currentPlayer] <1){//if the deck is empty we need to shuffle discard and add to deck
    #####:  650:	  shuffle(currentPlayer, state);
        -:  651:	}
        4:  652:	drawCard(currentPlayer, state);
        4:  653:	cardDrawn = state->hand[currentPlayer][state->handCount[currentPlayer]-1];//top card of hand is most recently drawn card.
        -:  654:	
        4:  655:	if (cardDrawn == copper || cardDrawn == silver || cardDrawn == gold)//JMG Found this Bug //introduced bug to not count gold as a resource
        -:  656:	  {
        4:  657:		  drawntreasure++;
        4:  658:		printf("we have found a treasure card\n");
        -:  659:	  }
        -:  660:	else{
    #####:  661:	  temphand[z]=cardDrawn;
    #####:  662:	  state->handCount[currentPlayer]--; //this should just remove the top card (the most recently drawn one).
    #####:  663:	  z++;
        -:  664:	}
        -:  665:      }
        4:  666:      while(z-1>=0){
    #####:  667:	state->discard[currentPlayer][state->discardCount[currentPlayer]++]=temphand[z-1]; // discard all cards in play that have been drawn
    #####:  668:	z=z-1;
        -:  669:
    #####:  670:	printf("discardcount is now %d \n", state->discardCount[currentPlayer]);
        -:  671:      }
        2:  672:}
        -:  673:
        1:  674:void playSmithy(struct gameState *state, int currentPlayer, int handPos){
        -:  675:	int i;
        4:  676:	for (i = 0; i < 3; i++) // JMG, found and fixed this bug//changed i < 3 to i <=3 which would have player draw 4 cards instead of 3
        -:  677:	{
        3:  678:	  drawCard(currentPlayer, state);
        -:  679:	}
        -:  680:      //discard card from hand
        1:  681:      discardCard(handPos, currentPlayer, state, 0);
        1:  682:}
        -:  683:
    #####:  684:void playGreat_hall(struct gameState *state, int currentPlayer, int handPos){
        -:  685:      //+1 Card
    #####:  686:      drawCard(currentPlayer, state);
        -:  687:			
        -:  688:      //+1 Actions
    #####:  689:      state->numActions = state->numActions +2; //BUG: actions +2 instead of state->numActions++
        -:  690:			
        -:  691:      //discard card from hand
    #####:  692:      discardCard(handPos, currentPlayer, state, 0);
        -:  693:      
    #####:  694:	 }
        -:  695:	 
    #####:  696:void playSteward(int choice1, int choice2, int choice3, struct gameState *state, int currentPlayer, int handPos ){
    #####:  697:      if (choice1 == 1)
        -:  698:	{
        -:  699:	  //+2 cards
    #####:  700:	  drawCard(currentPlayer, state);
    #####:  701:	  drawCard(currentPlayer, state);
        -:  702:	}
    #####:  703:      else if (choice1 >= 2)  //changed == to >= so the else will never run
        -:  704:	{
        -:  705:	  //+2 coins
    #####:  706:	  state->coins = state->coins + 2;
        -:  707:	}
        -:  708:      else
        -:  709:	{
        -:  710:	  //trash 2 cards in hand
    #####:  711:	  discardCard(choice2, currentPlayer, state, 1);
    #####:  712:	  discardCard(choice3, currentPlayer, state, 1);
        -:  713:	}
        -:  714:			
        -:  715:      //discard card from hand
    #####:  716:      discardCard(handPos, currentPlayer, state, 0);
    #####:  717:    }
        -:  718:
    #####:  719:int playMine(int choice1, int choice2,  struct gameState *state, int currentPlayer, int handPos){
    #####:  720:    int j = state->hand[currentPlayer][choice1];  //store card we will trash
        -:  721:	int i;
    #####:  722:      if (state->hand[currentPlayer][choice1] < copper || state->hand[currentPlayer][choice1] > gold)
        -:  723:	{
    #####:  724:	  return -1;
        -:  725:	}
        -:  726:		
    #####:  727:      if (choice2 > treasure_map || choice2 < curse)
        -:  728:	{
    #####:  729:	  return -1;
        -:  730:	}
        -:  731:
    #####:  732:      if ( (getCost(state->hand[currentPlayer][choice1]) + 3) > getCost(choice2) )
        -:  733:	{
    #####:  734:	  return -1;
        -:  735:	}
        -:  736:
    #####:  737:      gainCard(choice2, state, 2, currentPlayer);
        -:  738:
        -:  739:      //discard card from hand
    #####:  740:      discardCard(handPos, currentPlayer, state, 0);
        -:  741:
        -:  742:      //discard trashed card
    #####:  743:      for (i = 0; i < state->handCount[currentPlayer]; i++)
        -:  744:	{
    #####:  745:	  if (state->hand[currentPlayer][i] == j)
        -:  746:	    {
    #####:  747:	      discardCard(i, currentPlayer, state, 0);			
    #####:  748:	      return 0;
        -:  749:	    }
        -:  750:	}
        -:  751:			
    #####:  752:      return 0;
        -:  753:}
        -:  754:
        -:  755:
        5:  756:int cardEffect(int card, int choice1, int choice2, int choice3, struct gameState *state, int handPos, int *bonus)
        -:  757:{
        -:  758:  int i;
        -:  759:  int j;
        -:  760:  int k;
        -:  761:  int x;
        -:  762:  int index;
        5:  763:  int currentPlayer = whoseTurn(state);
        5:  764:  int nextPlayer = currentPlayer + 1;
        -:  765:
        5:  766:  int tributeRevealedCards[2] = {-1, -1};
        -:  767:  int temphand[MAX_HAND];// moved above the if statement
        5:  768:  int drawntreasure=0;
        -:  769:  int cardDrawn;
        5:  770:  int z = 0;// this is the counter for the temp hand
        5:  771:  if (nextPlayer > (state->numPlayers - 1)){
    #####:  772:    nextPlayer = 0;
        -:  773:  }
        -:  774:  
        -:  775:	
        -:  776:  //uses switch to select card and perform actions
        5:  777:  switch( card ) 
        -:  778:    {
        -:  779:    case adventurer:
        2:  780:		playAdventurer(drawntreasure, state, currentPlayer, cardDrawn, temphand,  z );
        2:  781:		return 0; 
        -:  782:			
        -:  783:    case council_room:
        -:  784:      //+4 Cards
    #####:  785:      for (i = 0; i < 4; i++)
        -:  786:	{
    #####:  787:	  drawCard(currentPlayer, state);
        -:  788:	}
        -:  789:			
        -:  790:      //+1 Buy
    #####:  791:      state->numBuys++;
        -:  792:			
        -:  793:      //Each other player draws a card
    #####:  794:      for (i = 0; i < state->numPlayers; i++)
        -:  795:	{
    #####:  796:	  if ( i != currentPlayer )
        -:  797:	    {
    #####:  798:	      drawCard(i, state);
        -:  799:	    }
        -:  800:	}
        -:  801:			
        -:  802:      //put played card in played card pile
    #####:  803:      discardCard(handPos, currentPlayer, state, 0);
        -:  804:			
    #####:  805:      return 0;
        -:  806:			
        -:  807:    case feast:
        -:  808:      //gain card with cost up to 5
        -:  809:      //Backup hand
    #####:  810:      for (i = 0; i <= state->handCount[currentPlayer]; i++){
    #####:  811:	temphand[i] = state->hand[currentPlayer][i];//Backup card
    #####:  812:	state->hand[currentPlayer][i] = -1;//Set to nothing
        -:  813:      }
        -:  814:      //Backup hand
        -:  815:
        -:  816:      //Update Coins for Buy
    #####:  817:      updateCoins(currentPlayer, state, 5);
    #####:  818:      x = 1;//Condition to loop on
    #####:  819:      while( x == 1) {//Buy one card
    #####:  820:	if (supplyCount(choice1, state) <= 0){
        -:  821:	  if (DEBUG)
        -:  822:	    printf("None of that card left, sorry!\n");
        -:  823:
        -:  824:	  if (DEBUG){
        -:  825:	    printf("Cards Left: %d\n", supplyCount(choice1, state));
        -:  826:	  }
        -:  827:	}
    #####:  828:	else if (state->coins < getCost(choice1)){
    #####:  829:	  printf("That card is too expensive!\n");
        -:  830:
        -:  831:	  if (DEBUG){
        -:  832:	    printf("Coins: %d < %d\n", state->coins, getCost(choice1));
        -:  833:	  }
        -:  834:	}
        -:  835:	else{
        -:  836:
        -:  837:	  if (DEBUG){
        -:  838:	    printf("Deck Count: %d\n", state->handCount[currentPlayer] + state->deckCount[currentPlayer] + state->discardCount[currentPlayer]);
        -:  839:	  }
        -:  840:
    #####:  841:	  gainCard(choice1, state, 0, currentPlayer);//Gain the card
    #####:  842:	  x = 0;//No more buying cards
        -:  843:
        -:  844:	  if (DEBUG){
        -:  845:	    printf("Deck Count: %d\n", state->handCount[currentPlayer] + state->deckCount[currentPlayer] + state->discardCount[currentPlayer]);
        -:  846:	  }
        -:  847:
        -:  848:	}
        -:  849:      }     
        -:  850:
        -:  851:      //Reset Hand
    #####:  852:      for (i = 0; i <= state->handCount[currentPlayer]; i++){
    #####:  853:	state->hand[currentPlayer][i] = temphand[i];
    #####:  854:	temphand[i] = -1;
        -:  855:      }
        -:  856:      //Reset Hand
        -:  857:      			
    #####:  858:      return 0;
        -:  859:			
        -:  860:    case gardens:
    #####:  861:      return -1;
        -:  862:			
        -:  863:    case mine:
    #####:  864:		playMine(choice1, choice2, state, currentPlayer, handPos);	
    #####:  865:      return 0;
        -:  866:			
        -:  867:    case remodel:
    #####:  868:      j = state->hand[currentPlayer][choice1];  //store card we will trash
        -:  869:
    #####:  870:      if ( (getCost(state->hand[currentPlayer][choice1]) + 2) > getCost(choice2) )
        -:  871:	{
    #####:  872:	  return -1;
        -:  873:	}
        -:  874:
    #####:  875:      gainCard(choice2, state, 0, currentPlayer);
        -:  876:
        -:  877:      //discard card from hand
    #####:  878:      discardCard(handPos, currentPlayer, state, 0);
        -:  879:
        -:  880:      //discard trashed card
    #####:  881:      for (i = 0; i < state->handCount[currentPlayer]; i++)
        -:  882:	{
    #####:  883:	  if (state->hand[currentPlayer][i] == j)
        -:  884:	    {
    #####:  885:	      discardCard(i, currentPlayer, state, 0);			
    #####:  886:	      break;
        -:  887:	    }
        -:  888:	}
        -:  889:
        -:  890:
    #####:  891:      return 0;
        -:  892:		
        -:  893:    case smithy:
        1:  894:		playSmithy(state, currentPlayer, handPos);
        1:  895:      return 0;
        -:  896:		
        -:  897:    case village:
        -:  898:      //+1 Card
    #####:  899:      drawCard(currentPlayer, state);
        -:  900:			
        -:  901:      //+2 Actions
    #####:  902:      state->numActions = state->numActions + 2;
        -:  903:			
        -:  904:      //discard played card from hand
    #####:  905:      discardCard(handPos, currentPlayer, state, 0);
    #####:  906:      return 0;
        -:  907:		
        -:  908:    case baron:
    #####:  909:      state->numBuys++;//Increase buys by 1!
    #####:  910:      if (choice1 > 0){//Boolean true or going to discard an estate
    #####:  911:	int p = 0;//Iterator for hand!
    #####:  912:	int card_not_discarded = 1;//Flag for discard set!
    #####:  913:	while(card_not_discarded){
    #####:  914:	  if (state->hand[currentPlayer][p] == estate){//Found an estate card!
    #####:  915:	    state->coins += 4;//Add 4 coins to the amount of coins
    #####:  916:	    state->discard[currentPlayer][state->discardCount[currentPlayer]] = state->hand[currentPlayer][p];
    #####:  917:	    state->discardCount[currentPlayer]++;
    #####:  918:	    for (;p < state->handCount[currentPlayer]; p++){
    #####:  919:	      state->hand[currentPlayer][p] = state->hand[currentPlayer][p+1];
        -:  920:	    }
    #####:  921:	    state->hand[currentPlayer][state->handCount[currentPlayer]] = -1;
    #####:  922:	    state->handCount[currentPlayer]--;
    #####:  923:	    card_not_discarded = 0;//Exit the loop
        -:  924:	  }
    #####:  925:	  else if (p > state->handCount[currentPlayer]){
        -:  926:	    if(DEBUG) {
        -:  927:	      printf("No estate cards in your hand, invalid choice\n");
        -:  928:	      printf("Must gain an estate if there are any\n");
        -:  929:	    }
    #####:  930:	    if (supplyCount(estate, state) > 0){
    #####:  931:	      gainCard(estate, state, 0, currentPlayer);
    #####:  932:	      state->supplyCount[estate]--;//Decrement estates
    #####:  933:	      if (supplyCount(estate, state) == 0){
    #####:  934:		isGameOver(state);
        -:  935:	      }
        -:  936:	    }
    #####:  937:	    card_not_discarded = 0;//Exit the loop
        -:  938:	  }
        -:  939:			    
        -:  940:	  else{
    #####:  941:	    p++;//Next card
        -:  942:	  }
        -:  943:	}
        -:  944:      }
        -:  945:			    
        -:  946:      else{
    #####:  947:	if (supplyCount(estate, state) > 0){
    #####:  948:	  gainCard(estate, state, 0, currentPlayer);//Gain an estate
    #####:  949:	  state->supplyCount[estate]--;//Decrement Estates
    #####:  950:	  if (supplyCount(estate, state) == 0){
    #####:  951:	    isGameOver(state);
        -:  952:	  }
        -:  953:	}
        -:  954:      }
        -:  955:	    
        -:  956:      
    #####:  957:      return 0;
        -:  958:		
        -:  959:    case great_hall:
    #####:  960:		playGreat_hall(state, currentPlayer, handPos);
    #####:  961:      return 0;
        -:  962:		
        -:  963:    case minion:
        -:  964:      //+1 action
    #####:  965:      state->numActions++;
        -:  966:			
        -:  967:      //discard card from hand
    #####:  968:      discardCard(handPos, currentPlayer, state, 0);
        -:  969:			
    #####:  970:      if (choice1)		//+2 coins
        -:  971:	{
    #####:  972:	  state->coins = state->coins + 2;
        -:  973:	}
        -:  974:			
    #####:  975:      else if (choice2)		//discard hand, redraw 4, other players with 5+ cards discard hand and draw 4
        -:  976:	{
        -:  977:	  //discard hand
    #####:  978:	  while(numHandCards(state) > 0)
        -:  979:	    {
    #####:  980:	      discardCard(handPos, currentPlayer, state, 0);
        -:  981:	    }
        -:  982:				
        -:  983:	  //draw 4
    #####:  984:	  for (i = 0; i < 4; i++)
        -:  985:	    {
    #####:  986:	      drawCard(currentPlayer, state);
        -:  987:	    }
        -:  988:				
        -:  989:	  //other players discard hand and redraw if hand size > 4
    #####:  990:	  for (i = 0; i < state->numPlayers; i++)
        -:  991:	    {
    #####:  992:	      if (i != currentPlayer)
        -:  993:		{
    #####:  994:		  if ( state->handCount[i] > 4 )
        -:  995:		    {
        -:  996:		      //discard hand
    #####:  997:		      while( state->handCount[i] > 0 )
        -:  998:			{
    #####:  999:			  discardCard(handPos, i, state, 0);
        -: 1000:			}
        -: 1001:							
        -: 1002:		      //draw 4
    #####: 1003:		      for (j = 0; j < 4; j++)
        -: 1004:			{
    #####: 1005:			  drawCard(i, state);
        -: 1006:			}
        -: 1007:		    }
        -: 1008:		}
        -: 1009:	    }
        -: 1010:				
        -: 1011:	}
    #####: 1012:      return 0;
        -: 1013:		
        -: 1014:    case steward:
    #####: 1015:		playSteward(choice1, choice2, choice3, state, currentPlayer, handPos);
    #####: 1016:      return 0;
        -: 1017:		
        -: 1018:    case tribute:
    #####: 1019:      if ((state->discardCount[nextPlayer] + state->deckCount[nextPlayer]) <= 1){
    #####: 1020:	if (state->deckCount[nextPlayer] > 0){
    #####: 1021:	  tributeRevealedCards[0] = state->deck[nextPlayer][state->deckCount[nextPlayer]-1];
    #####: 1022:	  state->deckCount[nextPlayer]--;
        -: 1023:	}
    #####: 1024:	else if (state->discardCount[nextPlayer] > 0){
    #####: 1025:	  tributeRevealedCards[0] = state->discard[nextPlayer][state->discardCount[nextPlayer]-1];
    #####: 1026:	  state->discardCount[nextPlayer]--;
        -: 1027:	}
        -: 1028:	else{
        -: 1029:	  //No Card to Reveal
        -: 1030:	  if (DEBUG){
        -: 1031:	    printf("No cards to reveal\n");
        -: 1032:	  }
        -: 1033:	}
        -: 1034:      }
        -: 1035:	    
        -: 1036:      else{
    #####: 1037:	if (state->deckCount[nextPlayer] == 0){
    #####: 1038:	  for (i = 0; i < state->discardCount[nextPlayer]; i++){
    #####: 1039:	    state->deck[nextPlayer][i] = state->discard[nextPlayer][i];//Move to deck
    #####: 1040:	    state->deckCount[nextPlayer]++;
    #####: 1041:	    state->discard[nextPlayer][i] = -1;
    #####: 1042:	    state->discardCount[nextPlayer]--;
        -: 1043:	  }
        -: 1044:			    
    #####: 1045:	  shuffle(nextPlayer,state);//Shuffle the deck
        -: 1046:	} 
    #####: 1047:	tributeRevealedCards[0] = state->deck[nextPlayer][state->deckCount[nextPlayer]-1];
    #####: 1048:	state->deck[nextPlayer][state->deckCount[nextPlayer]--] = -1;
    #####: 1049:	state->deckCount[nextPlayer]--;
    #####: 1050:	tributeRevealedCards[1] = state->deck[nextPlayer][state->deckCount[nextPlayer]-1];
    #####: 1051:	state->deck[nextPlayer][state->deckCount[nextPlayer]--] = -1;
    #####: 1052:	state->deckCount[nextPlayer]--;
        -: 1053:      }    
        -: 1054:		       
    #####: 1055:      if (tributeRevealedCards[0] == tributeRevealedCards[1]){//If we have a duplicate card, just drop one 
    #####: 1056:	state->playedCards[state->playedCardCount] = tributeRevealedCards[1];
    #####: 1057:	state->playedCardCount++;
    #####: 1058:	tributeRevealedCards[1] = -1;
        -: 1059:      }
        -: 1060:
    #####: 1061:      for (i = 0; i <= 2; i ++){
    #####: 1062:	if (tributeRevealedCards[i] == copper || tributeRevealedCards[i] == silver || tributeRevealedCards[i] == gold){//Treasure cards
    #####: 1063:	  state->coins += 2;
        -: 1064:	}
        -: 1065:		    
    #####: 1066:	else if (tributeRevealedCards[i] == estate || tributeRevealedCards[i] == duchy || tributeRevealedCards[i] == province || tributeRevealedCards[i] == gardens || tributeRevealedCards[i] == great_hall){//Victory Card Found
    #####: 1067:	  drawCard(currentPlayer, state);
    #####: 1068:	  drawCard(currentPlayer, state);
        -: 1069:	}
        -: 1070:	else{//Action Card
    #####: 1071:	  state->numActions = state->numActions + 2;
        -: 1072:	}
        -: 1073:      }
        -: 1074:	    
    #####: 1075:      return 0;
        -: 1076:		
        -: 1077:    case ambassador:
    #####: 1078:      j = 0;		//used to check if player has enough cards to discard
        -: 1079:
    #####: 1080:      if (choice2 > 2 || choice2 < 0)
        -: 1081:	{
    #####: 1082:	  return -1;				
        -: 1083:	}
        -: 1084:
    #####: 1085:      if (choice1 == handPos)
        -: 1086:	{
    #####: 1087:	  return -1;
        -: 1088:	}
        -: 1089:
    #####: 1090:      for (i = 0; i < state->handCount[currentPlayer]; i++)
        -: 1091:	{
    #####: 1092:	  if (i != handPos && i == state->hand[currentPlayer][choice1] && i != choice1)
        -: 1093:	    {
    #####: 1094:	      j++;
        -: 1095:	    }
        -: 1096:	}
    #####: 1097:      if (j < choice2)
        -: 1098:	{
    #####: 1099:	  return -1;				
        -: 1100:	}
        -: 1101:
        -: 1102:      if (DEBUG) 
        -: 1103:	printf("Player %d reveals card number: %d\n", currentPlayer, state->hand[currentPlayer][choice1]);
        -: 1104:
        -: 1105:      //increase supply count for choosen card by amount being discarded
    #####: 1106:      state->supplyCount[state->hand[currentPlayer][choice1]] += choice2;
        -: 1107:			
        -: 1108:      //each other player gains a copy of revealed card
    #####: 1109:      for (i = 0; i < state->numPlayers; i++)
        -: 1110:	{
    #####: 1111:	  if (i != currentPlayer)
        -: 1112:	    {
    #####: 1113:	      gainCard(state->hand[currentPlayer][choice1], state, 0, i);
        -: 1114:	    }
        -: 1115:	}
        -: 1116:
        -: 1117:      //discard played card from hand
    #####: 1118:      discardCard(handPos, currentPlayer, state, 0);			
        -: 1119:
        -: 1120:      //trash copies of cards returned to supply
    #####: 1121:      for (j = 0; j < choice2; j++)
        -: 1122:	{
    #####: 1123:	  for (i = 0; i < state->handCount[currentPlayer]; i++)
        -: 1124:	    {
    #####: 1125:	      if (state->hand[currentPlayer][i] == state->hand[currentPlayer][choice1])
        -: 1126:		{
    #####: 1127:		  discardCard(i, currentPlayer, state, 1);
    #####: 1128:		  break;
        -: 1129:		}
        -: 1130:	    }
        -: 1131:	}			
        -: 1132:
    #####: 1133:      return 0;
        -: 1134:		
        -: 1135:    case cutpurse:
        -: 1136:
    #####: 1137:      updateCoins(currentPlayer, state, 2);
    #####: 1138:      for (i = 0; i < state->numPlayers; i++)
        -: 1139:	{
    #####: 1140:	  if (i != currentPlayer)
        -: 1141:	    {
    #####: 1142:	      for (j = 0; j < state->handCount[i]; j++)
        -: 1143:		{
    #####: 1144:		  if (state->hand[i][j] == copper)
        -: 1145:		    {
    #####: 1146:		      discardCard(j, i, state, 0);
    #####: 1147:		      break;
        -: 1148:		    }
    #####: 1149:		  if (j == state->handCount[i])
        -: 1150:		    {
    #####: 1151:		      for (k = 0; k < state->handCount[i]; k++)
        -: 1152:			{
        -: 1153:			  if (DEBUG)
        -: 1154:			    printf("Player %d reveals card number %d\n", i, state->hand[i][k]);
        -: 1155:			}	
    #####: 1156:		      break;
        -: 1157:		    }		
        -: 1158:		}
        -: 1159:					
        -: 1160:	    }
        -: 1161:				
        -: 1162:	}				
        -: 1163:
        -: 1164:      //discard played card from hand
    #####: 1165:      discardCard(handPos, currentPlayer, state, 0);			
        -: 1166:
    #####: 1167:      return 0;
        -: 1168:
        -: 1169:		
        -: 1170:    case embargo: 
        -: 1171:      //+2 Coins
    #####: 1172:      state->coins = state->coins + 2;
        -: 1173:			
        -: 1174:      //see if selected pile is in play
    #####: 1175:      if ( state->supplyCount[choice1] == -1 )
        -: 1176:	{
    #####: 1177:	  return -1;
        -: 1178:	}
        -: 1179:			
        -: 1180:      //add embargo token to selected supply pile
    #####: 1181:      state->embargoTokens[choice1]++;
        -: 1182:			
        -: 1183:      //trash card
    #####: 1184:      discardCard(handPos, currentPlayer, state, 1);		
    #####: 1185:      return 0;
        -: 1186:		
        -: 1187:    case outpost:
        -: 1188:      //set outpost flag
    #####: 1189:      state->outpostPlayed++;
        -: 1190:			
        -: 1191:      //discard card
    #####: 1192:      discardCard(handPos, currentPlayer, state, 0);
    #####: 1193:      return 0;
        -: 1194:		
        -: 1195:    case salvager:
        -: 1196:      //+1 buy
        1: 1197:      state->numBuys++;
        -: 1198:			
        1: 1199:      if (choice1)
        -: 1200:	{
        -: 1201:	  //gain coins equal to trashed card
    #####: 1202:	  state->coins = state->coins + getCost( handCard(choice1, state) );
        -: 1203:	  //trash card
    #####: 1204:	  discardCard(choice1, currentPlayer, state, 1);	
        -: 1205:	}
        -: 1206:			
        -: 1207:      //discard card
        1: 1208:      discardCard(handPos, currentPlayer, state, 0);
        1: 1209:      return 0;
        -: 1210:		
        -: 1211:    case sea_hag:
        5: 1212:      for (i = 0; i < state->numPlayers; i++){
        4: 1213:	if (i != currentPlayer){
        3: 1214:	  state->discard[i][state->discardCount[i]] = state->deck[i][state->deckCount[i]--];			    state->deckCount[i]--;
        3: 1215:	  state->discardCount[i]++;
        3: 1216:	  state->deck[i][state->deckCount[i]--] = curse;//Top card now a curse
        -: 1217:	}
        -: 1218:      }
        1: 1219:      return 0;
        -: 1220:		
        -: 1221:    case treasure_map:
        -: 1222:      //search hand for another treasure_map
    #####: 1223:      index = -1;
    #####: 1224:      for (i = 0; i < state->handCount[currentPlayer]; i++)
        -: 1225:	{
    #####: 1226:	  if (state->hand[currentPlayer][i] == treasure_map && i != handPos)
        -: 1227:	    {
    #####: 1228:	      index = i;
    #####: 1229:	      break;
        -: 1230:	    }
        -: 1231:	}
    #####: 1232:      if (index > -1)
        -: 1233:	{
        -: 1234:	  //trash both treasure cards
    #####: 1235:	  discardCard(handPos, currentPlayer, state, 1);
    #####: 1236:	  discardCard(index, currentPlayer, state, 1);
        -: 1237:
        -: 1238:	  //gain 4 Gold cards
    #####: 1239:	  for (i = 0; i < 4; i++)
        -: 1240:	    {
    #####: 1241:	      gainCard(gold, state, 1, currentPlayer);
        -: 1242:	    }
        -: 1243:				
        -: 1244:	  //return success
    #####: 1245:	  return 1;
        -: 1246:	}
        -: 1247:			
        -: 1248:      //no second treasure_map found in hand
    #####: 1249:      return -1;
        -: 1250:    }
        -: 1251:	
    #####: 1252:  return -1;
        -: 1253:}
        -: 1254:
        2: 1255:int discardCard(int handPos, int currentPlayer, struct gameState *state, int trashFlag)
        -: 1256:{
        -: 1257:	
        -: 1258:  //if card is not trashed, added to Played pile 
        2: 1259:  if (trashFlag < 1)
        -: 1260:    {
        -: 1261:      //add card to played pile
        2: 1262:      state->playedCards[state->playedCardCount] = state->hand[currentPlayer][handPos]; 
        2: 1263:      state->playedCardCount++;
        -: 1264:    }
        -: 1265:	
        -: 1266:  //set played card to -1
        2: 1267:  state->hand[currentPlayer][handPos] = -1;
        -: 1268:	
        -: 1269:  //remove card from player's hand
        2: 1270:  if ( handPos == (state->handCount[currentPlayer] - 1) ) 	//last card in hand array is played
        -: 1271:    {
        -: 1272:      //reduce number of cards in hand
    #####: 1273:      state->handCount[currentPlayer]--;
        -: 1274:    }
        2: 1275:  else if ( state->handCount[currentPlayer] == 1 ) //only one card in hand
        -: 1276:    {
        -: 1277:      //reduce number of cards in hand
    #####: 1278:      state->handCount[currentPlayer]--;
        -: 1279:    }
        -: 1280:  else 	
        -: 1281:    {
        -: 1282:      //replace discarded card with last card in hand
        2: 1283:      state->hand[currentPlayer][handPos] = state->hand[currentPlayer][ (state->handCount[currentPlayer] - 1)];
        -: 1284:      //set last card to -1
        2: 1285:      state->hand[currentPlayer][state->handCount[currentPlayer] - 1] = -1;
        -: 1286:      //reduce number of cards in hand
        2: 1287:      state->handCount[currentPlayer]--;
        -: 1288:    }
        -: 1289:	
        2: 1290:  return 0;
        -: 1291:}
        -: 1292:
        1: 1293:int gainCard(int supplyPos, struct gameState *state, int toFlag, int player)
        -: 1294:{
        -: 1295:  //Note: supplyPos is enum of choosen card
        -: 1296:	
        -: 1297:  //check if supply pile is empty (0) or card is not used in game (-1)
        1: 1298:  if ( supplyCount(supplyPos, state) < 1 )
        -: 1299:    {
    #####: 1300:      return -1;
        -: 1301:    }
        -: 1302:	
        -: 1303:  //added card for [whoseTurn] current player:
        -: 1304:  // toFlag = 0 : add to discard
        -: 1305:  // toFlag = 1 : add to deck
        -: 1306:  // toFlag = 2 : add to hand
        -: 1307:
        1: 1308:  if (toFlag == 1)
        -: 1309:    {
    #####: 1310:      state->deck[ player ][ state->deckCount[player] ] = supplyPos;
    #####: 1311:      state->deckCount[player]++;
        -: 1312:    }
        1: 1313:  else if (toFlag == 2)
        -: 1314:    {
    #####: 1315:      state->hand[ player ][ state->handCount[player] ] = supplyPos;
    #####: 1316:      state->handCount[player]++;
        -: 1317:    }
        -: 1318:  else
        -: 1319:    {
        1: 1320:      state->discard[player][ state->discardCount[player] ] = supplyPos;
        1: 1321:      state->discardCount[player]++;
        -: 1322:    }
        -: 1323:	
        -: 1324:  //decrease number in supply pile
        1: 1325:  state->supplyCount[supplyPos]--;
        -: 1326:	 
        1: 1327:  return 0;
        -: 1328:}
        -: 1329:
       18: 1330:int updateCoins(int player, struct gameState *state, int bonus)
        -: 1331:{
        -: 1332:  int i;
        -: 1333:	
        -: 1334:  //reset coin count
       18: 1335:  state->coins = 0;
        -: 1336:
        -: 1337:  //add coins for each Treasure card in player's hand
      108: 1338:  for (i = 0; i < state->handCount[player]; i++)
        -: 1339:    {
       90: 1340:      if (state->hand[player][i] == copper)
        -: 1341:	{
       77: 1342:	  state->coins += 1;
        -: 1343:	}
       13: 1344:      else if (state->hand[player][i] == silver)
        -: 1345:	{
    #####: 1346:	  state->coins += 2;
        -: 1347:	}
       13: 1348:      else if (state->hand[player][i] == gold)
        -: 1349:	{
    #####: 1350:	  state->coins += 3;
        -: 1351:	}	
        -: 1352:    }	
        -: 1353:
        -: 1354:  //add bonus
       18: 1355:  state->coins += bonus;
        -: 1356:
       18: 1357:  return 0;
        -: 1358:}
        -: 1359:
        -: 1360:
        -: 1361://end of dominion.c
        -: 1362:
